
2018-07-18 13:50:11 - PHP Notice:  Undefined index: model in /Applications/XAMPP/xamppfiles/htdocs/hub-arch/catalog/view/theme/journal2/template/product/search.tpl on line 149
2018-07-18 13:50:11 - PHP Notice:  Undefined index: cart_qty in /Applications/XAMPP/xamppfiles/htdocs/hub-arch/catalog/view/theme/journal2/template/product/search.tpl on line 154
2018-07-18 13:50:11 - PHP Notice:  Undefined index: cart_qty in /Applications/XAMPP/xamppfiles/htdocs/hub-arch/catalog/view/theme/journal2/template/product/search.tpl on line 154
2018-07-18 13:50:11 - PHP Notice:  Undefined index: model in /Applications/XAMPP/xamppfiles/htdocs/hub-arch/catalog/view/theme/journal2/template/product/search.tpl on line 149
2018-07-18 13:50:11 - PHP Notice:  Undefined index: cart_qty in /Applications/XAMPP/xamppfiles/htdocs/hub-arch/catalog/view/theme/journal2/template/product/search.tpl on line 154
2018-07-18 13:50:11 - PHP Notice:  Undefined index: cart_qty in /Applications/XAMPP/xamppfiles/htdocs/hub-arch/catalog/view/theme/journal2/template/product/search.tpl on line 154
2018-07-18 13:50:11 - PHP Notice:  Undefined index: model in /Applications/XAMPP/xamppfiles/htdocs/hub-arch/catalog/view/theme/journal2/template/product/search.tpl on line 149
2018-07-18 13:50:11 - PHP Notice:  Undefined index: cart_qty in /Applications/XAMPP/xamppfiles/htdocs/hub-arch/catalog/view/theme/journal2/template/product/search.tpl on line 154
2018-07-18 13:50:11 - PHP Notice:  Undefined index: cart_qty in /Applications/XAMPP/xamppfiles/htdocs/hub-arch/catalog/view/theme/journal2/template/product/search.tpl on line 154
2018-07-18 13:50:11 - PHP Notice:  Undefined index: model in /Applications/XAMPP/xamppfiles/htdocs/hub-arch/catalog/view/theme/journal2/template/product/search.tpl on line 149
2018-07-18 13:50:11 - PHP Notice:  Undefined index: cart_qty in /Applications/XAMPP/xamppfiles/htdocs/hub-arch/catalog/view/theme/journal2/template/product/search.tpl on line 154
2018-07-18 13:50:11 - PHP Notice:  Undefined index: cart_qty in /Applications/XAMPP/xamppfiles/htdocs/hub-arch/catalog/view/theme/journal2/template/product/search.tpl on line 154
2018-07-18 13:50:11 - PHP Notice:  Undefined index: model in /Applications/XAMPP/xamppfiles/htdocs/hub-arch/catalog/view/theme/journal2/template/product/search.tpl on line 149
2018-07-18 13:50:11 - PHP Notice:  Undefined index: cart_qty in /Applications/XAMPP/xamppfiles/htdocs/hub-arch/catalog/view/theme/journal2/template/product/search.tpl on line 154
2018-07-18 13:50:11 - PHP Notice:  Undefined index: cart_qty in /Applications/XAMPP/xamppfiles/htdocs/hub-arch/catalog/view/theme/journal2/template/product/search.tpl on line 154
2018-07-18 13:50:11 - PHP Notice:  Undefined index: model in /Applications/XAMPP/xamppfiles/htdocs/hub-arch/catalog/view/theme/journal2/template/product/search.tpl on line 149
2018-07-18 13:50:11 - PHP Notice:  Undefined index: cart_qty in /Applications/XAMPP/xamppfiles/htdocs/hub-arch/catalog/view/theme/journal2/template/product/search.tpl on line 154
2018-07-18 13:50:11 - PHP Notice:  Undefined index: cart_qty in /Applications/XAMPP/xamppfiles/htdocs/hub-arch/catalog/view/theme/journal2/template/product/search.tpl on line 154
2018-07-18 13:50:11 - PHP Notice:  Undefined index: model in /Applications/XAMPP/xamppfiles/htdocs/hub-arch/catalog/view/theme/journal2/template/product/search.tpl on line 149
2018-07-18 13:50:11 - PHP Notice:  Undefined index: cart_qty in /Applications/XAMPP/xamppfiles/htdocs/hub-arch/catalog/view/theme/journal2/template/product/search.tpl on line 154
2018-07-18 13:50:11 - PHP Notice:  Undefined index: cart_qty in /Applications/XAMPP/xamppfiles/htdocs/hub-arch/catalog/view/theme/journal2/template/product/search.tpl on line 154
2018-07-18 13:50:11 - PHP Notice:  Undefined index: model in /Applications/XAMPP/xamppfiles/htdocs/hub-arch/catalog/view/theme/journal2/template/product/search.tpl on line 149
2018-07-18 13:50:11 - PHP Notice:  Undefined index: cart_qty in /Applications/XAMPP/xamppfiles/htdocs/hub-arch/catalog/view/theme/journal2/template/product/search.tpl on line 154
2018-07-18 13:50:11 - PHP Notice:  Undefined index: cart_qty in /Applications/XAMPP/xamppfiles/htdocs/hub-arch/catalog/view/theme/journal2/template/product/search.tpl on line 154
2018-07-18 13:50:11 - PHP Notice:  Undefined index: model in /Applications/XAMPP/xamppfiles/htdocs/hub-arch/catalog/view/theme/journal2/template/product/search.tpl on line 149
2018-07-18 13:50:11 - PHP Notice:  Undefined index: cart_qty in /Applications/XAMPP/xamppfiles/htdocs/hub-arch/catalog/view/theme/journal2/template/product/search.tpl on line 154
2018-07-18 13:50:11 - PHP Notice:  Undefined index: cart_qty in /Applications/XAMPP/xamppfiles/htdocs/hub-arch/catalog/view/theme/journal2/template/product/search.tpl on line 154
2018-07-18 13:50:11 - PHP Notice:  Undefined index: model in /Applications/XAMPP/xamppfiles/htdocs/hub-arch/catalog/view/theme/journal2/template/product/search.tpl on line 149
2018-07-18 13:50:11 - PHP Notice:  Undefined index: cart_qty in /Applications/XAMPP/xamppfiles/htdocs/hub-arch/catalog/view/theme/journal2/template/product/search.tpl on line 154
2018-07-18 13:50:11 - PHP Notice:  Undefined index: cart_qty in /Applications/XAMPP/xamppfiles/htdocs/hub-arch/catalog/view/theme/journal2/template/product/search.tpl on line 154
2018-07-18 13:50:11 - PHP Notice:  Undefined index: model in /Applications/XAMPP/xamppfiles/htdocs/hub-arch/catalog/view/theme/journal2/template/product/search.tpl on line 149
2018-07-18 13:50:11 - PHP Notice:  Undefined index: cart_qty in /Applications/XAMPP/xamppfiles/htdocs/hub-arch/catalog/view/theme/journal2/template/product/search.tpl on line 154
2018-07-18 13:50:11 - PHP Notice:  Undefined index: cart_qty in /Applications/XAMPP/xamppfiles/htdocs/hub-arch/catalog/view/theme/journal2/template/product/search.tpl on line 154
2018-07-18 13:50:11 - PHP Notice:  Undefined index: model in /Applications/XAMPP/xamppfiles/htdocs/hub-arch/catalog/view/theme/journal2/template/product/search.tpl on line 149
2018-07-18 13:50:11 - PHP Notice:  Undefined index: cart_qty in /Applications/XAMPP/xamppfiles/htdocs/hub-arch/catalog/view/theme/journal2/template/product/search.tpl on line 154
2018-07-18 13:50:11 - PHP Notice:  Undefined index: cart_qty in /Applications/XAMPP/xamppfiles/htdocs/hub-arch/catalog/view/theme/journal2/template/product/search.tpl on line 154
2018-07-18 13:50:53 - PHP Notice:  Undefined index: model in /Applications/XAMPP/xamppfiles/htdocs/hub-arch/catalog/view/theme/journal2/template/product/search.tpl on line 149
2018-07-18 13:50:53 - PHP Notice:  Undefined index: cart_qty in /Applications/XAMPP/xamppfiles/htdocs/hub-arch/catalog/view/theme/journal2/template/product/search.tpl on line 154
2018-07-18 13:50:53 - PHP Notice:  Undefined index: cart_qty in /Applications/XAMPP/xamppfiles/htdocs/hub-arch/catalog/view/theme/journal2/template/product/search.tpl on line 154
2018-07-18 13:50:53 - PHP Notice:  Undefined index: model in /Applications/XAMPP/xamppfiles/htdocs/hub-arch/catalog/view/theme/journal2/template/product/search.tpl on line 149
2018-07-18 13:50:53 - PHP Notice:  Undefined index: cart_qty in /Applications/XAMPP/xamppfiles/htdocs/hub-arch/catalog/view/theme/journal2/template/product/search.tpl on line 154
2018-07-18 13:50:53 - PHP Notice:  Undefined index: cart_qty in /Applications/XAMPP/xamppfiles/htdocs/hub-arch/catalog/view/theme/journal2/template/product/search.tpl on line 154
2018-07-18 13:50:53 - PHP Notice:  Undefined index: model in /Applications/XAMPP/xamppfiles/htdocs/hub-arch/catalog/view/theme/journal2/template/product/search.tpl on line 149
2018-07-18 13:50:53 - PHP Notice:  Undefined index: cart_qty in /Applications/XAMPP/xamppfiles/htdocs/hub-arch/catalog/view/theme/journal2/template/product/search.tpl on line 154
2018-07-18 13:50:53 - PHP Notice:  Undefined index: cart_qty in /Applications/XAMPP/xamppfiles/htdocs/hub-arch/catalog/view/theme/journal2/template/product/search.tpl on line 154
2018-07-18 13:50:53 - PHP Notice:  Undefined index: model in /Applications/XAMPP/xamppfiles/htdocs/hub-arch/catalog/view/theme/journal2/template/product/search.tpl on line 149
2018-07-18 13:50:53 - PHP Notice:  Undefined index: cart_qty in /Applications/XAMPP/xamppfiles/htdocs/hub-arch/catalog/view/theme/journal2/template/product/search.tpl on line 154
2018-07-18 13:50:53 - PHP Notice:  Undefined index: cart_qty in /Applications/XAMPP/xamppfiles/htdocs/hub-arch/catalog/view/theme/journal2/template/product/search.tpl on line 154
2018-07-18 13:50:53 - PHP Notice:  Undefined index: model in /Applications/XAMPP/xamppfiles/htdocs/hub-arch/catalog/view/theme/journal2/template/product/search.tpl on line 149
2018-07-18 13:50:53 - PHP Notice:  Undefined index: cart_qty in /Applications/XAMPP/xamppfiles/htdocs/hub-arch/catalog/view/theme/journal2/template/product/search.tpl on line 154
2018-07-18 13:50:53 - PHP Notice:  Undefined index: cart_qty in /Applications/XAMPP/xamppfiles/htdocs/hub-arch/catalog/view/theme/journal2/template/product/search.tpl on line 154
2018-07-18 13:50:53 - PHP Notice:  Undefined index: model in /Applications/XAMPP/xamppfiles/htdocs/hub-arch/catalog/view/theme/journal2/template/product/search.tpl on line 149
2018-07-18 13:50:53 - PHP Notice:  Undefined index: cart_qty in /Applications/XAMPP/xamppfiles/htdocs/hub-arch/catalog/view/theme/journal2/template/product/search.tpl on line 154
2018-07-18 13:50:53 - PHP Notice:  Undefined index: cart_qty in /Applications/XAMPP/xamppfiles/htdocs/hub-arch/catalog/view/theme/journal2/template/product/search.tpl on line 154
2018-07-18 13:50:53 - PHP Notice:  Undefined index: model in /Applications/XAMPP/xamppfiles/htdocs/hub-arch/catalog/view/theme/journal2/template/product/search.tpl on line 149
2018-07-18 13:50:53 - PHP Notice:  Undefined index: cart_qty in /Applications/XAMPP/xamppfiles/htdocs/hub-arch/catalog/view/theme/journal2/template/product/search.tpl on line 154
2018-07-18 13:50:53 - PHP Notice:  Undefined index: cart_qty in /Applications/XAMPP/xamppfiles/htdocs/hub-arch/catalog/view/theme/journal2/template/product/search.tpl on line 154
2018-07-18 13:50:53 - PHP Notice:  Undefined index: model in /Applications/XAMPP/xamppfiles/htdocs/hub-arch/catalog/view/theme/journal2/template/product/search.tpl on line 149
2018-07-18 13:50:53 - PHP Notice:  Undefined index: cart_qty in /Applications/XAMPP/xamppfiles/htdocs/hub-arch/catalog/view/theme/journal2/template/product/search.tpl on line 154
2018-07-18 13:50:53 - PHP Notice:  Undefined index: cart_qty in /Applications/XAMPP/xamppfiles/htdocs/hub-arch/catalog/view/theme/journal2/template/product/search.tpl on line 154
2018-07-18 13:50:53 - PHP Notice:  Undefined index: model in /Applications/XAMPP/xamppfiles/htdocs/hub-arch/catalog/view/theme/journal2/template/product/search.tpl on line 149
2018-07-18 13:50:53 - PHP Notice:  Undefined index: cart_qty in /Applications/XAMPP/xamppfiles/htdocs/hub-arch/catalog/view/theme/journal2/template/product/search.tpl on line 154
2018-07-18 13:50:53 - PHP Notice:  Undefined index: cart_qty in /Applications/XAMPP/xamppfiles/htdocs/hub-arch/catalog/view/theme/journal2/template/product/search.tpl on line 154
2018-07-18 13:50:53 - PHP Notice:  Undefined index: model in /Applications/XAMPP/xamppfiles/htdocs/hub-arch/catalog/view/theme/journal2/template/product/search.tpl on line 149
2018-07-18 13:50:53 - PHP Notice:  Undefined index: cart_qty in /Applications/XAMPP/xamppfiles/htdocs/hub-arch/catalog/view/theme/journal2/template/product/search.tpl on line 154
2018-07-18 13:50:53 - PHP Notice:  Undefined index: cart_qty in /Applications/XAMPP/xamppfiles/htdocs/hub-arch/catalog/view/theme/journal2/template/product/search.tpl on line 154
2018-07-18 13:50:53 - PHP Notice:  Undefined index: model in /Applications/XAMPP/xamppfiles/htdocs/hub-arch/catalog/view/theme/journal2/template/product/search.tpl on line 149
2018-07-18 13:50:53 - PHP Notice:  Undefined index: cart_qty in /Applications/XAMPP/xamppfiles/htdocs/hub-arch/catalog/view/theme/journal2/template/product/search.tpl on line 154
2018-07-18 13:50:53 - PHP Notice:  Undefined index: cart_qty in /Applications/XAMPP/xamppfiles/htdocs/hub-arch/catalog/view/theme/journal2/template/product/search.tpl on line 154
2018-07-18 13:50:53 - PHP Notice:  Undefined index: model in /Applications/XAMPP/xamppfiles/htdocs/hub-arch/catalog/view/theme/journal2/template/product/search.tpl on line 149
2018-07-18 13:50:53 - PHP Notice:  Undefined index: cart_qty in /Applications/XAMPP/xamppfiles/htdocs/hub-arch/catalog/view/theme/journal2/template/product/search.tpl on line 154
2018-07-18 13:50:53 - PHP Notice:  Undefined index: cart_qty in /Applications/XAMPP/xamppfiles/htdocs/hub-arch/catalog/view/theme/journal2/template/product/search.tpl on line 154
2018-07-18 14:24:11 - PHP Notice:  Undefined property: Cart\User::$user_group_id in /Applications/XAMPP/xamppfiles/htdocs/hub-arch/system/library/cart/user.php on line 92
2018-07-18 14:24:11 - PHP Notice:  Undefined index: name in /Applications/XAMPP/xamppfiles/htdocs/hub-arch/admin/model/user/user_group.php on line 39
2018-07-18 14:24:11 - PHP Notice:  Undefined index: permission in /Applications/XAMPP/xamppfiles/htdocs/hub-arch/admin/model/user/user_group.php on line 40
2018-07-18 14:45:37 - PHP Notice:  Undefined variable: filter_sales_rep_name in /Applications/XAMPP/xamppfiles/htdocs/hub-arch/system/storage/modification/admin/view/template/extension/modification.tpl on line 49
2018-07-18 14:45:37 - PHP Notice:  Undefined variable: filter_version in /Applications/XAMPP/xamppfiles/htdocs/hub-arch/system/storage/modification/admin/view/template/extension/modification.tpl on line 85
2018-07-18 14:45:37 - PHP Notice:  Undefined variable: filter_version in /Applications/XAMPP/xamppfiles/htdocs/hub-arch/system/storage/modification/admin/view/template/extension/modification.tpl on line 85
2018-07-18 14:45:37 - PHP Notice:  Undefined variable: filter_version in /Applications/XAMPP/xamppfiles/htdocs/hub-arch/system/storage/modification/admin/view/template/extension/modification.tpl on line 85
2018-07-18 14:45:37 - PHP Notice:  Undefined variable: filter_version in /Applications/XAMPP/xamppfiles/htdocs/hub-arch/system/storage/modification/admin/view/template/extension/modification.tpl on line 85
2018-07-18 14:45:37 - PHP Notice:  Undefined variable: filter_version in /Applications/XAMPP/xamppfiles/htdocs/hub-arch/system/storage/modification/admin/view/template/extension/modification.tpl on line 85
2018-07-18 14:45:41 - PHP Warning:  rmdir(/Applications/XAMPP/htdocs/hub-arch/system/storage/modification/catalog/controller): Directory not empty in /Applications/XAMPP/xamppfiles/htdocs/hub-arch/system/storage/modification/admin/controller/extension/modification.php on line 125
2018-07-18 14:45:41 - PHP Warning:  rmdir(/Applications/XAMPP/htdocs/hub-arch/system/storage/modification/catalog): Directory not empty in /Applications/XAMPP/xamppfiles/htdocs/hub-arch/system/storage/modification/admin/controller/extension/modification.php on line 125
2018-07-18 14:45:42 - PHP Notice:  Undefined variable: filter_sales_rep_name in /Applications/XAMPP/xamppfiles/htdocs/hub-arch/system/storage/modification/admin/view/template/extension/modification.tpl on line 49
2018-07-18 14:45:42 - PHP Notice:  Undefined variable: filter_version in /Applications/XAMPP/xamppfiles/htdocs/hub-arch/system/storage/modification/admin/view/template/extension/modification.tpl on line 85
2018-07-18 14:45:42 - PHP Notice:  Undefined variable: filter_version in /Applications/XAMPP/xamppfiles/htdocs/hub-arch/system/storage/modification/admin/view/template/extension/modification.tpl on line 85
2018-07-18 14:45:42 - PHP Notice:  Undefined variable: filter_version in /Applications/XAMPP/xamppfiles/htdocs/hub-arch/system/storage/modification/admin/view/template/extension/modification.tpl on line 85
2018-07-18 14:45:42 - PHP Notice:  Undefined variable: filter_version in /Applications/XAMPP/xamppfiles/htdocs/hub-arch/system/storage/modification/admin/view/template/extension/modification.tpl on line 85
2018-07-18 14:45:42 - PHP Notice:  Undefined variable: filter_version in /Applications/XAMPP/xamppfiles/htdocs/hub-arch/system/storage/modification/admin/view/template/extension/modification.tpl on line 85
2018-07-19 10:19:04 - PHP Notice:  Undefined index: model in /Applications/XAMPP/xamppfiles/htdocs/hub-arch/catalog/view/theme/journal2/template/product/search.tpl on line 149
2018-07-19 10:19:04 - PHP Notice:  Undefined index: cart_qty in /Applications/XAMPP/xamppfiles/htdocs/hub-arch/catalog/view/theme/journal2/template/product/search.tpl on line 154
2018-07-19 10:19:04 - PHP Notice:  Undefined index: cart_qty in /Applications/XAMPP/xamppfiles/htdocs/hub-arch/catalog/view/theme/journal2/template/product/search.tpl on line 154
2018-07-19 10:19:04 - PHP Notice:  Undefined index: model in /Applications/XAMPP/xamppfiles/htdocs/hub-arch/catalog/view/theme/journal2/template/product/search.tpl on line 149
2018-07-19 10:19:04 - PHP Notice:  Undefined index: cart_qty in /Applications/XAMPP/xamppfiles/htdocs/hub-arch/catalog/view/theme/journal2/template/product/search.tpl on line 154
2018-07-19 10:19:04 - PHP Notice:  Undefined index: cart_qty in /Applications/XAMPP/xamppfiles/htdocs/hub-arch/catalog/view/theme/journal2/template/product/search.tpl on line 154
2018-07-19 10:19:04 - PHP Notice:  Undefined index: model in /Applications/XAMPP/xamppfiles/htdocs/hub-arch/catalog/view/theme/journal2/template/product/search.tpl on line 149
2018-07-19 10:19:04 - PHP Notice:  Undefined index: cart_qty in /Applications/XAMPP/xamppfiles/htdocs/hub-arch/catalog/view/theme/journal2/template/product/search.tpl on line 154
2018-07-19 10:19:04 - PHP Notice:  Undefined index: cart_qty in /Applications/XAMPP/xamppfiles/htdocs/hub-arch/catalog/view/theme/journal2/template/product/search.tpl on line 154
2018-07-19 10:19:04 - PHP Notice:  Undefined index: model in /Applications/XAMPP/xamppfiles/htdocs/hub-arch/catalog/view/theme/journal2/template/product/search.tpl on line 149
2018-07-19 10:19:04 - PHP Notice:  Undefined index: cart_qty in /Applications/XAMPP/xamppfiles/htdocs/hub-arch/catalog/view/theme/journal2/template/product/search.tpl on line 154
2018-07-19 10:19:04 - PHP Notice:  Undefined index: cart_qty in /Applications/XAMPP/xamppfiles/htdocs/hub-arch/catalog/view/theme/journal2/template/product/search.tpl on line 154
2018-07-19 10:19:04 - PHP Notice:  Undefined index: model in /Applications/XAMPP/xamppfiles/htdocs/hub-arch/catalog/view/theme/journal2/template/product/search.tpl on line 149
2018-07-19 10:19:04 - PHP Notice:  Undefined index: cart_qty in /Applications/XAMPP/xamppfiles/htdocs/hub-arch/catalog/view/theme/journal2/template/product/search.tpl on line 154
2018-07-19 10:19:04 - PHP Notice:  Undefined index: cart_qty in /Applications/XAMPP/xamppfiles/htdocs/hub-arch/catalog/view/theme/journal2/template/product/search.tpl on line 154
2018-07-19 10:19:04 - PHP Notice:  Undefined index: model in /Applications/XAMPP/xamppfiles/htdocs/hub-arch/catalog/view/theme/journal2/template/product/search.tpl on line 149
2018-07-19 10:19:04 - PHP Notice:  Undefined index: cart_qty in /Applications/XAMPP/xamppfiles/htdocs/hub-arch/catalog/view/theme/journal2/template/product/search.tpl on line 154
2018-07-19 10:19:04 - PHP Notice:  Undefined index: cart_qty in /Applications/XAMPP/xamppfiles/htdocs/hub-arch/catalog/view/theme/journal2/template/product/search.tpl on line 154
2018-07-19 10:19:04 - PHP Notice:  Undefined index: model in /Applications/XAMPP/xamppfiles/htdocs/hub-arch/catalog/view/theme/journal2/template/product/search.tpl on line 149
2018-07-19 10:19:04 - PHP Notice:  Undefined index: cart_qty in /Applications/XAMPP/xamppfiles/htdocs/hub-arch/catalog/view/theme/journal2/template/product/search.tpl on line 154
2018-07-19 10:19:04 - PHP Notice:  Undefined index: cart_qty in /Applications/XAMPP/xamppfiles/htdocs/hub-arch/catalog/view/theme/journal2/template/product/search.tpl on line 154
2018-07-19 10:19:04 - PHP Notice:  Undefined index: model in /Applications/XAMPP/xamppfiles/htdocs/hub-arch/catalog/view/theme/journal2/template/product/search.tpl on line 149
2018-07-19 10:19:04 - PHP Notice:  Undefined index: cart_qty in /Applications/XAMPP/xamppfiles/htdocs/hub-arch/catalog/view/theme/journal2/template/product/search.tpl on line 154
2018-07-19 10:19:04 - PHP Notice:  Undefined index: cart_qty in /Applications/XAMPP/xamppfiles/htdocs/hub-arch/catalog/view/theme/journal2/template/product/search.tpl on line 154
2018-07-19 10:19:04 - PHP Notice:  Undefined index: model in /Applications/XAMPP/xamppfiles/htdocs/hub-arch/catalog/view/theme/journal2/template/product/search.tpl on line 149
2018-07-19 10:19:04 - PHP Notice:  Undefined index: cart_qty in /Applications/XAMPP/xamppfiles/htdocs/hub-arch/catalog/view/theme/journal2/template/product/search.tpl on line 154
2018-07-19 10:19:04 - PHP Notice:  Undefined index: cart_qty in /Applications/XAMPP/xamppfiles/htdocs/hub-arch/catalog/view/theme/journal2/template/product/search.tpl on line 154
2018-07-19 10:19:04 - PHP Notice:  Undefined index: model in /Applications/XAMPP/xamppfiles/htdocs/hub-arch/catalog/view/theme/journal2/template/product/search.tpl on line 149
2018-07-19 10:19:04 - PHP Notice:  Undefined index: cart_qty in /Applications/XAMPP/xamppfiles/htdocs/hub-arch/catalog/view/theme/journal2/template/product/search.tpl on line 154
2018-07-19 10:19:04 - PHP Notice:  Undefined index: cart_qty in /Applications/XAMPP/xamppfiles/htdocs/hub-arch/catalog/view/theme/journal2/template/product/search.tpl on line 154
2018-07-19 10:19:04 - PHP Notice:  Undefined index: model in /Applications/XAMPP/xamppfiles/htdocs/hub-arch/catalog/view/theme/journal2/template/product/search.tpl on line 149
2018-07-19 10:19:04 - PHP Notice:  Undefined index: cart_qty in /Applications/XAMPP/xamppfiles/htdocs/hub-arch/catalog/view/theme/journal2/template/product/search.tpl on line 154
2018-07-19 10:19:04 - PHP Notice:  Undefined index: cart_qty in /Applications/XAMPP/xamppfiles/htdocs/hub-arch/catalog/view/theme/journal2/template/product/search.tpl on line 154
2018-07-19 10:19:04 - PHP Notice:  Undefined index: model in /Applications/XAMPP/xamppfiles/htdocs/hub-arch/catalog/view/theme/journal2/template/product/search.tpl on line 149
2018-07-19 10:19:04 - PHP Notice:  Undefined index: cart_qty in /Applications/XAMPP/xamppfiles/htdocs/hub-arch/catalog/view/theme/journal2/template/product/search.tpl on line 154
2018-07-19 10:19:04 - PHP Notice:  Undefined index: cart_qty in /Applications/XAMPP/xamppfiles/htdocs/hub-arch/catalog/view/theme/journal2/template/product/search.tpl on line 154
