---------- Date: 2018-09-03 10:31:00 ~ IP : ::1 ----------
REQUEST URI : /saleslogicmdu/admin/index.php?route=catalog/product&token=79Db0M1q9KG5Z5A5J40LhIZmGEjid3dx
MOD DETAILS:
   modFile   : /Applications/XAMPP/xamppfiles/htdocs/saleslogicmdu/vqmod/xml/productViewOrder.xml
   id        : Product - View orders
   version   : 1.0.0
   vqmver    : 2.4.2
   author    : Nerdherd Developers

File Name    : admin/view/template/catalog/product_list.tpl(8)
VQModObject::applyMod - SEARCH NOT FOUND (ABORTING MOD): <button type="button" id="button-filter" class="btn btn-primary pull-right"><i class="fa fa-search"></i> <?php echo $button_filter; ?></button>
----------------------------------------------------------------------


---------- Date: 2018-09-03 11:29:38 ~ IP : ::1 ----------
REQUEST URI : /saleslogicmdu/admin/index.php?route=catalog/product/edit&token=79Db0M1q9KG5Z5A5J40LhIZmGEjid3dx&product_id=1944
MOD DETAILS:
   modFile   : /Applications/XAMPP/xamppfiles/htdocs/saleslogicmdu/vqmod/xml/PSM_Prices_By_Customer_groups.xml
   id        : Prices By Customer Groups
   version   : 1.0.1 - oc2302
   vqmver    : 2.1.6
   author    : OC-addons - oc-addons.com

File Name    : admin/view/template/catalog/product_form.tpl(0)
VQModObject::applyMod - SEARCH NOT FOUND (ABORTING MOD): <input type="text" name="priceeeee" value="<?php echo $price; ?>" placeholder="<?php echo $entry_price; ?>" id="input-price" class="form-control" />

----------------------------------------------------------------------


---------- Date: 2018-09-03 11:40:52 ~ IP : ::1 ----------
REQUEST URI : /saleslogicmdu/admin/index.php?route=catalog/product/edit&token=79Db0M1q9KG5Z5A5J40LhIZmGEjid3dx&product_id=1944
MOD DETAILS:
   modFile   : /Applications/XAMPP/xamppfiles/htdocs/saleslogicmdu/vqmod/xml/PSM_Prices_By_Customer_groups.xml
   id        : Prices By Customer Groups
   version   : 1.0.1 - oc2302
   vqmver    : 2.1.6
   author    : OC-addons - oc-addons.com

File Name    : admin/view/template/catalog/product_form.tpl(0)
VQModObject::applyMod - SEARCH NOT FOUND (ABORTING MOD): <input type="text" name="priceeeee" value="<?php echo $price; ?>" placeholder="<?php echo $entry_price; ?>" id="input-price" class="form-control" />

----------------------------------------------------------------------


---------- Date: 2018-09-03 11:45:10 ~ IP : ::1 ----------
REQUEST URI : /saleslogicmdu/admin/index.php?route=catalog/product/edit&token=79Db0M1q9KG5Z5A5J40LhIZmGEjid3dx&product_id=1944
MOD DETAILS:
   modFile   : /Applications/XAMPP/xamppfiles/htdocs/saleslogicmdu/vqmod/xml/PSM_Prices_By_Customer_groups.xml
   id        : Prices By Customer Groups
   version   : 1.0.1 - oc2302
   vqmver    : 2.1.6
   author    : OC-addons - oc-addons.com

File Name    : admin/view/template/catalog/product_form.tpl(0)
VQModObject::applyMod - SEARCH NOT FOUND (ABORTING MOD): <input type="text" name="priceeeee" value="<?php echo $price; ?>" placeholder="<?php echo $entry_price; ?>" id="input-price" class="form-control" />

----------------------------------------------------------------------


---------- Date: 2018-09-03 11:47:11 ~ IP : ::1 ----------
REQUEST URI : /saleslogicmdu/admin/index.php?route=catalog/product/edit&token=79Db0M1q9KG5Z5A5J40LhIZmGEjid3dx&product_id=1944
MOD DETAILS:
   modFile   : /Applications/XAMPP/xamppfiles/htdocs/saleslogicmdu/vqmod/xml/PSM_Prices_By_Customer_groups.xml
   id        : Prices By Customer Groups
   version   : 1.0.1 - oc2302
   vqmver    : 2.1.6
   author    : OC-addons - oc-addons.com

File Name    : admin/view/template/catalog/product_form.tpl(0)
VQModObject::applyMod - SEARCH NOT FOUND (ABORTING MOD): <input type="text" name="priceeeee" value="<?php echo $price; ?>" placeholder="<?php echo $entry_price; ?>" id="input-price" class="form-control" />

----------------------------------------------------------------------


---------- Date: 2018-09-03 11:48:14 ~ IP : ::1 ----------
REQUEST URI : /saleslogicmdu/admin/index.php?route=catalog/product/edit&token=79Db0M1q9KG5Z5A5J40LhIZmGEjid3dx&product_id=1944
MOD DETAILS:
   modFile   : /Applications/XAMPP/xamppfiles/htdocs/saleslogicmdu/vqmod/xml/PSM_Prices_By_Customer_groups.xml
   id        : Prices By Customer Groups
   version   : 1.0.1 - oc2302
   vqmver    : 2.1.6
   author    : OC-addons - oc-addons.com

File Name    : admin/view/template/catalog/product_form.tpl(0)
VQModObject::applyMod - SEARCH NOT FOUND (ABORTING MOD): <input type="text" name="priceeeee" value="<?php echo $price; ?>" placeholder="<?php echo $entry_price; ?>" id="input-price" class="form-control" />

MOD DETAILS:
   modFile   : /Applications/XAMPP/xamppfiles/htdocs/saleslogicmdu/vqmod/xml/PSM_Products_By_Customer_groups.xml
   id        : Products By Customer Groups
   version   : 1.0 - oc2302
   vqmver    : 2.1.6
   author    : OC-addons - oc-addons.com

File Name    : admin/view/template/catalog/product_form.tpl(0)
VQModObject::applyMod - SEARCH NOT FOUND (ABORTING MOD): <label class="col-sm-2 control-label"><?php echo $entry_store; ?></label>

----------------------------------------------------------------------


---------- Date: 2018-09-03 13:48:37 ~ IP : ::1 ----------
REQUEST URI : /saleslogicmdu/admin/index.php?route=catalog/product&token=79Db0M1q9KG5Z5A5J40LhIZmGEjid3dx
MOD DETAILS:
   modFile   : /Applications/XAMPP/xamppfiles/htdocs/saleslogicmdu/vqmod/xml/productViewOrder.xml
   id        : Product - View orders
   version   : 1.0.0
   vqmver    : 2.4.2
   author    : Nerdherd Developers

File Name    : admin/view/template/catalog/product_list.tpl(8)
VQModObject::applyMod - SEARCH NOT FOUND (ABORTING MOD): <button type="button" id="button-filter" class="btn btn-primary pull-right"><i class="fa fa-search"></i> <?php echo $button_filter; ?></button>
----------------------------------------------------------------------


---------- Date: 2018-09-03 13:59:35 ~ IP : ::1 ----------
REQUEST URI : /saleslogicmdu/admin/index.php?route=catalog/product&token=79Db0M1q9KG5Z5A5J40LhIZmGEjid3dx
MOD DETAILS:
   modFile   : /Applications/XAMPP/xamppfiles/htdocs/saleslogicmdu/vqmod/xml/productViewOrder.xml
   id        : Product - View orders
   version   : 1.0.0
   vqmver    : 2.4.2
   author    : Nerdherd Developers

File Name    : admin/view/template/catalog/product_list.tpl(8)
VQModObject::applyMod - SEARCH NOT FOUND (ABORTING MOD): <button type="button" id="button-filter" class="btn btn-primary pull-right"><i class="fa fa-search"></i> <?php echo $button_filter; ?></button>
----------------------------------------------------------------------


---------- Date: 2018-09-03 14:12:12 ~ IP : ::1 ----------
REQUEST URI : /saleslogicmdu/admin/index.php?route=catalog/product&token=79Db0M1q9KG5Z5A5J40LhIZmGEjid3dx
MOD DETAILS:
   modFile   : /Applications/XAMPP/xamppfiles/htdocs/saleslogicmdu/vqmod/xml/productViewOrder.xml
   id        : Product - View orders
   version   : 1.0.0
   vqmver    : 2.4.2
   author    : Nerdherd Developers

File Name    : admin/view/template/catalog/product_list.tpl(8)
VQModObject::applyMod - SEARCH NOT FOUND (ABORTING MOD): <button type="button" id="button-filter" class="btn btn-primary pull-right"><i class="fa fa-search"></i> <?php echo $button_filter; ?></button>
----------------------------------------------------------------------


---------- Date: 2018-09-03 14:42:17 ~ IP : ::1 ----------
REQUEST URI : /saleslogicmdu/admin/index.php?route=catalog/product&token=79Db0M1q9KG5Z5A5J40LhIZmGEjid3dx
MOD DETAILS:
   modFile   : /Applications/XAMPP/xamppfiles/htdocs/saleslogicmdu/vqmod/xml/productViewOrder.xml
   id        : Product - View orders
   version   : 1.0.0
   vqmver    : 2.4.2
   author    : Nerdherd Developers

File Name    : admin/view/template/catalog/product_list.tpl(8)
VQModObject::applyMod - SEARCH NOT FOUND (ABORTING MOD): <button type="button" id="button-filter" class="btn btn-primary pull-right"><i class="fa fa-search"></i> <?php echo $button_filter; ?></button>
----------------------------------------------------------------------


---------- Date: 2018-09-03 14:48:02 ~ IP : ::1 ----------
REQUEST URI : /saleslogicmdu/admin/index.php?route=catalog/product/edit&token=79Db0M1q9KG5Z5A5J40LhIZmGEjid3dx&product_id=1944
MOD DETAILS:
   modFile   : /Applications/XAMPP/xamppfiles/htdocs/saleslogicmdu/vqmod/xml/PSM_Prices_By_Customer_groups.xml
   id        : Prices By Customer Groups
   version   : 1.0.1 - oc2302
   vqmver    : 2.1.6
   author    : OC-addons - oc-addons.com

File Name    : admin/view/template/catalog/product_form.tpl(0)
VQModObject::applyMod - SEARCH NOT FOUND (ABORTING MOD): <input type="text" name="priceeeee" value="<?php echo $price; ?>" placeholder="<?php echo $entry_price; ?>" id="input-price" class="form-control" />

----------------------------------------------------------------------


---------- Date: 2018-09-03 15:03:00 ~ IP : ::1 ----------
REQUEST URI : /saleslogicmdu/admin/index.php?route=catalog/product&token=79Db0M1q9KG5Z5A5J40LhIZmGEjid3dx
MOD DETAILS:
   modFile   : /Applications/XAMPP/xamppfiles/htdocs/saleslogicmdu/vqmod/xml/productViewOrder.xml
   id        : Product - View orders
   version   : 1.0.0
   vqmver    : 2.4.2
   author    : Nerdherd Developers

File Name    : admin/view/template/catalog/product_list.tpl(8)
VQModObject::applyMod - SEARCH NOT FOUND (ABORTING MOD): <button type="button" id="button-filter" class="btn btn-primary pull-right"><i class="fa fa-search"></i> <?php echo $button_filter; ?></button>
----------------------------------------------------------------------


---------- Date: 2018-09-03 15:04:29 ~ IP : ::1 ----------
REQUEST URI : /saleslogicmdu/admin/index.php?route=catalog/product&token=79Db0M1q9KG5Z5A5J40LhIZmGEjid3dx
MOD DETAILS:
   modFile   : /Applications/XAMPP/xamppfiles/htdocs/saleslogicmdu/vqmod/xml/productViewOrder.xml
   id        : Product - View orders
   version   : 1.0.0
   vqmver    : 2.4.2
   author    : Nerdherd Developers

File Name    : admin/view/template/catalog/product_list.tpl(8)
VQModObject::applyMod - SEARCH NOT FOUND (ABORTING MOD): <button type="button" id="button-filter" class="btn btn-primary pull-right"><i class="fa fa-search"></i> <?php echo $button_filter; ?></button>
----------------------------------------------------------------------


---------- Date: 2018-09-03 15:06:27 ~ IP : ::1 ----------
REQUEST URI : /saleslogicmdu/admin/index.php?route=catalog/product&token=79Db0M1q9KG5Z5A5J40LhIZmGEjid3dx
MOD DETAILS:
   modFile   : /Applications/XAMPP/xamppfiles/htdocs/saleslogicmdu/vqmod/xml/productViewOrder.xml
   id        : Product - View orders
   version   : 1.0.0
   vqmver    : 2.4.2
   author    : Nerdherd Developers

File Name    : admin/view/template/catalog/product_list.tpl(8)
VQModObject::applyMod - SEARCH NOT FOUND (ABORTING MOD): <button type="button" id="button-filter" class="btn btn-primary pull-right"><i class="fa fa-search"></i> <?php echo $button_filter; ?></button>
----------------------------------------------------------------------


---------- Date: 2018-09-03 15:07:26 ~ IP : ::1 ----------
REQUEST URI : /saleslogicmdu/admin/index.php?route=catalog/product&token=79Db0M1q9KG5Z5A5J40LhIZmGEjid3dx
MOD DETAILS:
   modFile   : /Applications/XAMPP/xamppfiles/htdocs/saleslogicmdu/vqmod/xml/productViewOrder.xml
   id        : Product - View orders
   version   : 1.0.0
   vqmver    : 2.4.2
   author    : Nerdherd Developers

File Name    : admin/view/template/catalog/product_list.tpl(8)
VQModObject::applyMod - SEARCH NOT FOUND (ABORTING MOD): <button type="button" id="button-filter" class="btn btn-primary pull-right"><i class="fa fa-search"></i> <?php echo $button_filter; ?></button>
----------------------------------------------------------------------


---------- Date: 2018-09-03 15:16:12 ~ IP : ::1 ----------
REQUEST URI : /saleslogicmdu/admin/index.php?route=catalog/product&token=79Db0M1q9KG5Z5A5J40LhIZmGEjid3dx
MOD DETAILS:
   modFile   : /Applications/XAMPP/xamppfiles/htdocs/saleslogicmdu/vqmod/xml/productViewOrder.xml
   id        : Product - View orders
   version   : 1.0.0
   vqmver    : 2.4.2
   author    : Nerdherd Developers

File Name    : admin/view/template/catalog/product_list.tpl(8)
VQModObject::applyMod - SEARCH NOT FOUND (ABORTING MOD): <button type="button" id="button-filter" class="btn btn-primary pull-right"><i class="fa fa-search"></i> <?php echo $button_filter; ?></button>
----------------------------------------------------------------------


---------- Date: 2018-09-03 15:18:06 ~ IP : ::1 ----------
REQUEST URI : /saleslogicmdu/admin/index.php?route=catalog/product&token=79Db0M1q9KG5Z5A5J40LhIZmGEjid3dx
MOD DETAILS:
   modFile   : /Applications/XAMPP/xamppfiles/htdocs/saleslogicmdu/vqmod/xml/productViewOrder.xml
   id        : Product - View orders
   version   : 1.0.0
   vqmver    : 2.4.2
   author    : Nerdherd Developers

File Name    : admin/view/template/catalog/product_list.tpl(8)
VQModObject::applyMod - SEARCH NOT FOUND (ABORTING MOD): <button type="button" id="button-filter" class="btn btn-primary pull-right"><i class="fa fa-search"></i> <?php echo $button_filter; ?></button>
----------------------------------------------------------------------


---------- Date: 2018-09-03 15:19:06 ~ IP : ::1 ----------
REQUEST URI : /saleslogicmdu/admin/index.php?route=catalog/product&token=79Db0M1q9KG5Z5A5J40LhIZmGEjid3dx
MOD DETAILS:
   modFile   : /Applications/XAMPP/xamppfiles/htdocs/saleslogicmdu/vqmod/xml/productViewOrder.xml
   id        : Product - View orders
   version   : 1.0.0
   vqmver    : 2.4.2
   author    : Nerdherd Developers

File Name    : admin/view/template/catalog/product_list.tpl(8)
VQModObject::applyMod - SEARCH NOT FOUND (ABORTING MOD): <button type="button" id="button-filter" class="btn btn-primary pull-right"><i class="fa fa-search"></i> <?php echo $button_filter; ?></button>
----------------------------------------------------------------------


---------- Date: 2018-09-03 15:20:36 ~ IP : ::1 ----------
REQUEST URI : /saleslogicmdu/admin/index.php?route=catalog/product&token=79Db0M1q9KG5Z5A5J40LhIZmGEjid3dx
MOD DETAILS:
   modFile   : /Applications/XAMPP/xamppfiles/htdocs/saleslogicmdu/vqmod/xml/productViewOrder.xml
   id        : Product - View orders
   version   : 1.0.0
   vqmver    : 2.4.2
   author    : Nerdherd Developers

File Name    : admin/view/template/catalog/product_list.tpl(8)
VQModObject::applyMod - SEARCH NOT FOUND (ABORTING MOD): <button type="button" id="button-filter" class="btn btn-primary pull-right"><i class="fa fa-search"></i> <?php echo $button_filter; ?></button>
----------------------------------------------------------------------


---------- Date: 2018-09-03 15:21:20 ~ IP : ::1 ----------
REQUEST URI : /saleslogicmdu/admin/index.php?route=catalog/product&token=79Db0M1q9KG5Z5A5J40LhIZmGEjid3dx
MOD DETAILS:
   modFile   : /Applications/XAMPP/xamppfiles/htdocs/saleslogicmdu/vqmod/xml/productViewOrder.xml
   id        : Product - View orders
   version   : 1.0.0
   vqmver    : 2.4.2
   author    : Nerdherd Developers

File Name    : admin/view/template/catalog/product_list.tpl(8)
VQModObject::applyMod - SEARCH NOT FOUND (ABORTING MOD): <button type="button" id="button-filter" class="btn btn-primary pull-right"><i class="fa fa-search"></i> <?php echo $button_filter; ?></button>
----------------------------------------------------------------------


---------- Date: 2018-09-03 15:37:04 ~ IP : ::1 ----------
REQUEST URI : /saleslogicmdu/admin/index.php?route=catalog/product&token=79Db0M1q9KG5Z5A5J40LhIZmGEjid3dx
MOD DETAILS:
   modFile   : /Applications/XAMPP/xamppfiles/htdocs/saleslogicmdu/vqmod/xml/productViewOrder.xml
   id        : Product - View orders
   version   : 1.0.0
   vqmver    : 2.4.2
   author    : Nerdherd Developers

File Name    : admin/view/template/catalog/product_list.tpl(8)
VQModObject::applyMod - SEARCH NOT FOUND (ABORTING MOD): <button type="button" id="button-filter" class="btn btn-primary pull-right"><i class="fa fa-search"></i> <?php echo $button_filter; ?></button>
----------------------------------------------------------------------


---------- Date: 2018-09-03 15:52:43 ~ IP : ::1 ----------
REQUEST URI : /saleslogicmdu/admin/index.php?route=catalog/product&token=79Db0M1q9KG5Z5A5J40LhIZmGEjid3dx
MOD DETAILS:
   modFile   : /Applications/XAMPP/xamppfiles/htdocs/saleslogicmdu/vqmod/xml/productViewOrder.xml
   id        : Product - View orders
   version   : 1.0.0
   vqmver    : 2.4.2
   author    : Nerdherd Developers

File Name    : admin/view/template/catalog/product_list.tpl(8)
VQModObject::applyMod - SEARCH NOT FOUND (ABORTING MOD): <button type="button" id="button-filter" class="btn btn-primary pull-right"><i class="fa fa-search"></i> <?php echo $button_filter; ?></button>
----------------------------------------------------------------------


---------- Date: 2018-09-03 16:29:15 ~ IP : ::1 ----------
REQUEST URI : /saleslogicmdu/admin/index.php?route=catalog/product&token=79Db0M1q9KG5Z5A5J40LhIZmGEjid3dx
MOD DETAILS:
   modFile   : /Applications/XAMPP/xamppfiles/htdocs/saleslogicmdu/vqmod/xml/productViewOrder.xml
   id        : Product - View orders
   version   : 1.0.0
   vqmver    : 2.4.2
   author    : Nerdherd Developers

File Name    : admin/view/template/catalog/product_list.tpl(8)
VQModObject::applyMod - SEARCH NOT FOUND (ABORTING MOD): <button type="button" id="button-filter" class="btn btn-primary pull-right"><i class="fa fa-search"></i> <?php echo $button_filter; ?></button>
----------------------------------------------------------------------


---------- Date: 2018-09-03 16:30:31 ~ IP : ::1 ----------
REQUEST URI : /saleslogicmdu/admin/index.php?route=catalog/product&token=79Db0M1q9KG5Z5A5J40LhIZmGEjid3dx
MOD DETAILS:
   modFile   : /Applications/XAMPP/xamppfiles/htdocs/saleslogicmdu/vqmod/xml/productViewOrder.xml
   id        : Product - View orders
   version   : 1.0.0
   vqmver    : 2.4.2
   author    : Nerdherd Developers

File Name    : admin/view/template/catalog/product_list.tpl(8)
VQModObject::applyMod - SEARCH NOT FOUND (ABORTING MOD): <button type="button" id="button-filter" class="btn btn-primary pull-right"><i class="fa fa-search"></i> <?php echo $button_filter; ?></button>
----------------------------------------------------------------------


---------- Date: 2018-09-03 16:32:01 ~ IP : ::1 ----------
REQUEST URI : /saleslogicmdu/admin/index.php?route=catalog/product&token=79Db0M1q9KG5Z5A5J40LhIZmGEjid3dx
MOD DETAILS:
   modFile   : /Applications/XAMPP/xamppfiles/htdocs/saleslogicmdu/vqmod/xml/productViewOrder.xml
   id        : Product - View orders
   version   : 1.0.0
   vqmver    : 2.4.2
   author    : Nerdherd Developers

File Name    : admin/view/template/catalog/product_list.tpl(8)
VQModObject::applyMod - SEARCH NOT FOUND (ABORTING MOD): <button type="button" id="button-filter" class="btn btn-primary pull-right"><i class="fa fa-search"></i> <?php echo $button_filter; ?></button>
----------------------------------------------------------------------


---------- Date: 2018-09-03 16:45:07 ~ IP : ::1 ----------
REQUEST URI : /saleslogicmdu/admin/index.php?route=catalog/product&token=79Db0M1q9KG5Z5A5J40LhIZmGEjid3dx
MOD DETAILS:
   modFile   : /Applications/XAMPP/xamppfiles/htdocs/saleslogicmdu/vqmod/xml/productViewOrder.xml
   id        : Product - View orders
   version   : 1.0.0
   vqmver    : 2.4.2
   author    : Nerdherd Developers

File Name    : admin/view/template/catalog/product_list.tpl(8)
VQModObject::applyMod - SEARCH NOT FOUND (ABORTING MOD): <button type="button" id="button-filter" class="btn btn-primary pull-right"><i class="fa fa-search"></i> <?php echo $button_filter; ?></button>
----------------------------------------------------------------------


---------- Date: 2018-09-03 16:57:14 ~ IP : ::1 ----------
REQUEST URI : /saleslogicmdu/admin/index.php?route=catalog/product&token=79Db0M1q9KG5Z5A5J40LhIZmGEjid3dx
MOD DETAILS:
   modFile   : /Applications/XAMPP/xamppfiles/htdocs/saleslogicmdu/vqmod/xml/productViewOrder.xml
   id        : Product - View orders
   version   : 1.0.0
   vqmver    : 2.4.2
   author    : Nerdherd Developers

File Name    : admin/view/template/catalog/product_list.tpl(8)
VQModObject::applyMod - SEARCH NOT FOUND (ABORTING MOD): <button type="button" id="button-filter" class="btn btn-primary pull-right"><i class="fa fa-search"></i> <?php echo $button_filter; ?></button>
----------------------------------------------------------------------


