---------- Date: 2018-05-08 08:07:32 ~ IP : 127.0.0.1 ----------
REQUEST URI : /admin/
MOD DETAILS:
   modFile   : D:\Projects\opencart_project\GitHub\rodney\vqmod/xml/productViewOrder.xml
   id        : Product - View orders
   version   : 1.0.0
   vqmver    : 2.4.2
   author    : Nerdherd Developers
VQModObject::parseMods - Could not resolve path for [admin/view/template/catalog/product_listc.tpl] (SKIPPED)
----------------------------------------------------------------------


---------- Date: 2018-05-08 09:54:21 ~ IP : 127.0.0.1 ----------
REQUEST URI : /admin/index.php?route=catalog/product&token=lroQXpV74q4X3Kopmi0ThZgeoT5nwOsY
MOD DETAILS:
   modFile   : D:\Projects\opencart_project\GitHub\rodney\vqmod/xml/productViewOrder.xml
   id        : Product - View orders
   version   : 1.0.0
   vqmver    : 2.4.2
   author    : Nerdherd Developers

File Name    : admin/view/template/catalog/product_list.tpl(8)
VQModObject::applyMod - SEARCH NOT FOUND (ABORTING MOD): <button type="button" id="button-filter" class="btn btn-primary pull-right"><i class="fa fa-search"></i> <?php echo $button_filter; ?></button>
----------------------------------------------------------------------


---------- Date: 2018-05-08 10:52:34 ~ IP : 197.97.24.150 ----------
REQUEST URI : /rodney/admin/
MOD DETAILS:
   modFile   : /var/www/html/rodney/vqmod/xml/productViewOrder.xml
   id        : Product - View orders
   version   : 1.0.0
   vqmver    : 2.4.2
   author    : Nerdherd Developers
VQModObject::parseMods - Could not resolve path for [admin/view/template/catalog/product_listc.tpl] (SKIPPED)
----------------------------------------------------------------------


