---------- Date: 2018-11-07 12:11:35 ~ IP : ::1 ----------
REQUEST URI : /uat02/admin/
MOD DETAILS:
   modFile   : /Applications/XAMPP/xamppfiles/htdocs/uat02/vqmod/xml/productViewOrder.xml
   id        : Product - View orders
   version   : 1.0.0
   vqmver    : 2.4.2
   author    : Nerdherd Developers
VQModObject::parseMods - Could not resolve path for [admin/view/template/catalog/product_listc.tpl] (SKIPPED)
----------------------------------------------------------------------


---------- Date: 2018-11-07 12:13:16 ~ IP : ::1 ----------
REQUEST URI : /uat02/admin/index.php?route=catalog/product&token=FEK8M5jHRpb7eU2tBX440fxwDyM5lOQi
MOD DETAILS:
   modFile   : /Applications/XAMPP/xamppfiles/htdocs/uat02/vqmod/xml/productViewOrder.xml
   id        : Product - View orders
   version   : 1.0.0
   vqmver    : 2.4.2
   author    : Nerdherd Developers

File Name    : admin/view/template/catalog/product_list.tpl(8)
VQModObject::applyMod - SEARCH NOT FOUND (ABORTING MOD): <button type="button" id="button-filter" class="btn btn-primary pull-right"><i class="fa fa-search"></i> <?php echo $button_filter; ?></button>
----------------------------------------------------------------------


